[00:09:03] [main/INFO] [GradleStart]: No arguments specified, assuming client.
[00:09:03] [main/INFO] [GradleStart]: Extra: []
[00:09:03] [main/INFO] [GradleStart]: Running with arguments: [--userProperties, {}, --assetsDir, /Users/kylemallon/.gradle/caches/minecraft/assets, --assetIndex, 1.7.10, --accessToken, FML, --version, 1.7.10, --tweakClass, cpw.mods.fml.common.launcher.FMLTweaker, --username, ForgeDevName]
[00:09:04] [main/INFO] [LaunchWrapper]: Loading tweak class name cpw.mods.fml.common.launcher.FMLTweaker
[00:09:04] [main/INFO] [LaunchWrapper]: Using primary tweak class name cpw.mods.fml.common.launcher.FMLTweaker
[00:09:04] [main/INFO] [LaunchWrapper]: Calling tweak class cpw.mods.fml.common.launcher.FMLTweaker
[00:28:45] [main/INFO] [GradleStart]: No arguments specified, assuming client.
[00:28:45] [main/INFO] [GradleStart]: Extra: []
[00:28:45] [main/INFO] [GradleStart]: Running with arguments: [--userProperties, {}, --assetsDir, /Users/kylemallon/.gradle/caches/minecraft/assets, --assetIndex, 1.7.10, --accessToken, FML, --version, 1.7.10, --tweakClass, cpw.mods.fml.common.launcher.FMLTweaker, --username, ForgeDevName]
[00:28:45] [main/INFO] [LaunchWrapper]: Loading tweak class name cpw.mods.fml.common.launcher.FMLTweaker
[00:28:45] [main/INFO] [LaunchWrapper]: Using primary tweak class name cpw.mods.fml.common.launcher.FMLTweaker
[00:28:45] [main/INFO] [LaunchWrapper]: Calling tweak class cpw.mods.fml.common.launcher.FMLTweaker
[00:29:16] [main/INFO] [GradleStart]: No arguments specified, assuming client.
[00:29:16] [main/INFO] [GradleStart]: Extra: []
[00:29:17] [main/INFO] [GradleStart]: Running with arguments: [--userProperties, {}, --assetsDir, /Users/kylemallon/.gradle/caches/minecraft/assets, --assetIndex, 1.7.10, --accessToken, FML, --version, 1.7.10, --tweakClass, cpw.mods.fml.common.launcher.FMLTweaker, --username, ForgeDevName]
[00:29:17] [main/INFO] [LaunchWrapper]: Loading tweak class name cpw.mods.fml.common.launcher.FMLTweaker
[00:29:17] [main/INFO] [LaunchWrapper]: Using primary tweak class name cpw.mods.fml.common.launcher.FMLTweaker
[00:29:17] [main/INFO] [LaunchWrapper]: Calling tweak class cpw.mods.fml.common.launcher.FMLTweaker
[00:37:51] [main/INFO] [GradleStart]: No arguments specified, assuming client.
[00:37:51] [main/INFO] [GradleStart]: Extra: []
[00:37:52] [main/INFO] [GradleStart]: Running with arguments: [--userProperties, {}, --assetsDir, /Users/kylemallon/.gradle/caches/minecraft/assets, --assetIndex, 1.7.10, --accessToken, FML, --version, 1.7.10, --tweakClass, cpw.mods.fml.common.launcher.FMLTweaker, --username, ForgeDevName]
[00:37:52] [main/INFO] [LaunchWrapper]: Loading tweak class name cpw.mods.fml.common.launcher.FMLTweaker
[00:37:52] [main/INFO] [LaunchWrapper]: Using primary tweak class name cpw.mods.fml.common.launcher.FMLTweaker
[00:37:52] [main/INFO] [LaunchWrapper]: Calling tweak class cpw.mods.fml.common.launcher.FMLTweaker
[00:39:07] [main/INFO] [GradleStart]: No arguments specified, assuming client.
[00:39:07] [main/INFO] [GradleStart]: Extra: []
[00:39:07] [main/INFO] [GradleStart]: Running with arguments: [--userProperties, {}, --assetsDir, /Users/kylemallon/.gradle/caches/minecraft/assets, --assetIndex, 1.7.10, --accessToken, FML, --version, 1.7.10, --tweakClass, cpw.mods.fml.common.launcher.FMLTweaker, --username, ForgeDevName]
[00:39:07] [main/INFO] [LaunchWrapper]: Loading tweak class name cpw.mods.fml.common.launcher.FMLTweaker
[00:39:07] [main/INFO] [LaunchWrapper]: Using primary tweak class name cpw.mods.fml.common.launcher.FMLTweaker
[00:39:07] [main/INFO] [LaunchWrapper]: Calling tweak class cpw.mods.fml.common.launcher.FMLTweaker
[00:40:26] [main/INFO] [GradleStart]: No arguments specified, assuming client.
[00:40:26] [main/INFO] [GradleStart]: Extra: []
[00:40:26] [main/INFO] [GradleStart]: Running with arguments: [--userProperties, {}, --assetsDir, /Users/kylemallon/.gradle/caches/minecraft/assets, --assetIndex, 1.7.10, --accessToken, FML, --version, 1.7.10, --tweakClass, cpw.mods.fml.common.launcher.FMLTweaker, --username, ForgeDevName]
[00:40:26] [main/INFO] [LaunchWrapper]: Loading tweak class name cpw.mods.fml.common.launcher.FMLTweaker
[00:40:26] [main/INFO] [LaunchWrapper]: Using primary tweak class name cpw.mods.fml.common.launcher.FMLTweaker
[00:40:26] [main/INFO] [LaunchWrapper]: Calling tweak class cpw.mods.fml.common.launcher.FMLTweaker
[00:41:40] [main/INFO] [GradleStart]: No arguments specified, assuming client.
[00:41:40] [main/INFO] [GradleStart]: Extra: []
[00:41:40] [main/INFO] [GradleStart]: Running with arguments: [--userProperties, {}, --assetsDir, /Users/kylemallon/.gradle/caches/minecraft/assets, --assetIndex, 1.7.10, --accessToken, FML, --version, 1.7.10, --tweakClass, cpw.mods.fml.common.launcher.FMLTweaker, --username, ForgeDevName]
[00:41:40] [main/INFO] [LaunchWrapper]: Loading tweak class name cpw.mods.fml.common.launcher.FMLTweaker
[00:41:40] [main/INFO] [LaunchWrapper]: Using primary tweak class name cpw.mods.fml.common.launcher.FMLTweaker
[00:41:40] [main/INFO] [LaunchWrapper]: Calling tweak class cpw.mods.fml.common.launcher.FMLTweaker
[00:44:14] [main/INFO] [GradleStart]: No arguments specified, assuming client.
[00:44:14] [main/INFO] [GradleStart]: Extra: []
[00:44:14] [main/INFO] [GradleStart]: Running with arguments: [--userProperties, {}, --assetsDir, /Users/kylemallon/.gradle/caches/minecraft/assets, --assetIndex, 1.7.10, --accessToken, FML, --version, 1.7.10, --tweakClass, cpw.mods.fml.common.launcher.FMLTweaker, --username, ForgeDevName]
[00:44:14] [main/INFO] [LaunchWrapper]: Loading tweak class name cpw.mods.fml.common.launcher.FMLTweaker
[00:44:14] [main/INFO] [LaunchWrapper]: Using primary tweak class name cpw.mods.fml.common.launcher.FMLTweaker
[00:44:14] [main/INFO] [LaunchWrapper]: Calling tweak class cpw.mods.fml.common.launcher.FMLTweaker
[13:05:45] [main/INFO] [GradleStart]: No arguments specified, assuming client.
[13:05:45] [main/INFO] [GradleStart]: Extra: []
[13:05:45] [main/INFO] [GradleStart]: Running with arguments: [--userProperties, {}, --assetsDir, /Users/kylemallon/.gradle/caches/minecraft/assets, --assetIndex, 1.7.10, --accessToken, FML, --version, 1.7.10, --tweakClass, cpw.mods.fml.common.launcher.FMLTweaker, --username, ForgeDevName]
[13:05:46] [main/INFO] [LaunchWrapper]: Loading tweak class name cpw.mods.fml.common.launcher.FMLTweaker
[13:05:46] [main/INFO] [LaunchWrapper]: Using primary tweak class name cpw.mods.fml.common.launcher.FMLTweaker
[13:05:46] [main/INFO] [LaunchWrapper]: Calling tweak class cpw.mods.fml.common.launcher.FMLTweaker
[13:41:30] [main/INFO] [GradleStart]: No arguments specified, assuming client.
[13:41:30] [main/INFO] [GradleStart]: Extra: []
[13:41:31] [main/INFO] [GradleStart]: Running with arguments: [--userProperties, {}, --assetsDir, /Users/kylemallon/.gradle/caches/minecraft/assets, --assetIndex, 1.7.10, --accessToken, FML, --version, 1.7.10, --tweakClass, cpw.mods.fml.common.launcher.FMLTweaker, --username, ForgeDevName]
[13:41:31] [main/INFO] [LaunchWrapper]: Loading tweak class name cpw.mods.fml.common.launcher.FMLTweaker
[13:41:31] [main/INFO] [LaunchWrapper]: Using primary tweak class name cpw.mods.fml.common.launcher.FMLTweaker
[13:41:31] [main/INFO] [LaunchWrapper]: Calling tweak class cpw.mods.fml.common.launcher.FMLTweaker
[13:43:52] [main/INFO] [GradleStart]: No arguments specified, assuming client.
[13:43:52] [main/INFO] [GradleStart]: Extra: []
[13:43:52] [main/INFO] [GradleStart]: Running with arguments: [--userProperties, {}, --assetsDir, /Users/kylemallon/.gradle/caches/minecraft/assets, --assetIndex, 1.7.10, --accessToken, FML, --version, 1.7.10, --tweakClass, cpw.mods.fml.common.launcher.FMLTweaker, --username, ForgeDevName]
[13:43:53] [main/INFO] [LaunchWrapper]: Loading tweak class name cpw.mods.fml.common.launcher.FMLTweaker
[13:43:53] [main/INFO] [LaunchWrapper]: Using primary tweak class name cpw.mods.fml.common.launcher.FMLTweaker
[13:43:53] [main/INFO] [LaunchWrapper]: Calling tweak class cpw.mods.fml.common.launcher.FMLTweaker
[13:45:19] [main/INFO] [GradleStart]: No arguments specified, assuming client.
[13:45:19] [main/INFO] [GradleStart]: Extra: []
[13:45:19] [main/INFO] [GradleStart]: Running with arguments: [--userProperties, {}, --assetsDir, /Users/kylemallon/.gradle/caches/minecraft/assets, --assetIndex, 1.7.10, --accessToken, FML, --version, 1.7.10, --tweakClass, cpw.mods.fml.common.launcher.FMLTweaker, --username, ForgeDevName]
[13:45:19] [main/INFO] [LaunchWrapper]: Loading tweak class name cpw.mods.fml.common.launcher.FMLTweaker
[13:45:19] [main/INFO] [LaunchWrapper]: Using primary tweak class name cpw.mods.fml.common.launcher.FMLTweaker
[13:45:19] [main/INFO] [LaunchWrapper]: Calling tweak class cpw.mods.fml.common.launcher.FMLTweaker
[20:32:29] [main/INFO] [GradleStart]: No arguments specified, assuming client.
[20:32:29] [main/INFO] [GradleStart]: Extra: []
[20:32:29] [main/INFO] [GradleStart]: Running with arguments: [--userProperties, {}, --assetsDir, /Users/kylemallon/.gradle/caches/minecraft/assets, --assetIndex, 1.7.10, --accessToken, FML, --version, 1.7.10, --tweakClass, cpw.mods.fml.common.launcher.FMLTweaker, --username, ForgeDevName]
[20:32:30] [main/INFO] [LaunchWrapper]: Loading tweak class name cpw.mods.fml.common.launcher.FMLTweaker
[20:32:30] [main/INFO] [LaunchWrapper]: Using primary tweak class name cpw.mods.fml.common.launcher.FMLTweaker
[20:32:30] [main/INFO] [LaunchWrapper]: Calling tweak class cpw.mods.fml.common.launcher.FMLTweaker
[20:35:45] [main/INFO] [GradleStart]: No arguments specified, assuming client.
[20:35:45] [main/INFO] [GradleStart]: Extra: []
[20:35:45] [main/INFO] [GradleStart]: Running with arguments: [--userProperties, {}, --assetsDir, /Users/kylemallon/.gradle/caches/minecraft/assets, --assetIndex, 1.7.10, --accessToken, FML, --version, 1.7.10, --tweakClass, cpw.mods.fml.common.launcher.FMLTweaker, --username, ForgeDevName]
[20:35:45] [main/INFO] [LaunchWrapper]: Loading tweak class name cpw.mods.fml.common.launcher.FMLTweaker
[20:35:46] [main/INFO] [LaunchWrapper]: Using primary tweak class name cpw.mods.fml.common.launcher.FMLTweaker
[20:35:46] [main/INFO] [LaunchWrapper]: Calling tweak class cpw.mods.fml.common.launcher.FMLTweaker
[20:38:15] [main/INFO] [GradleStart]: No arguments specified, assuming client.
[20:38:15] [main/INFO] [GradleStart]: Extra: []
[20:38:15] [main/INFO] [GradleStart]: Running with arguments: [--userProperties, {}, --assetsDir, /Users/kylemallon/.gradle/caches/minecraft/assets, --assetIndex, 1.7.10, --accessToken, FML, --version, 1.7.10, --tweakClass, cpw.mods.fml.common.launcher.FMLTweaker, --username, ForgeDevName]
[20:38:15] [main/INFO] [LaunchWrapper]: Loading tweak class name cpw.mods.fml.common.launcher.FMLTweaker
[20:38:15] [main/INFO] [LaunchWrapper]: Using primary tweak class name cpw.mods.fml.common.launcher.FMLTweaker
[20:38:15] [main/INFO] [LaunchWrapper]: Calling tweak class cpw.mods.fml.common.launcher.FMLTweaker
[20:39:09] [main/INFO] [GradleStart]: No arguments specified, assuming client.
[20:39:09] [main/INFO] [GradleStart]: Extra: []
[20:39:09] [main/INFO] [GradleStart]: Running with arguments: [--userProperties, {}, --assetsDir, /Users/kylemallon/.gradle/caches/minecraft/assets, --assetIndex, 1.7.10, --accessToken, FML, --version, 1.7.10, --tweakClass, cpw.mods.fml.common.launcher.FMLTweaker, --username, ForgeDevName]
[20:39:09] [main/INFO] [LaunchWrapper]: Loading tweak class name cpw.mods.fml.common.launcher.FMLTweaker
[20:39:09] [main/INFO] [LaunchWrapper]: Using primary tweak class name cpw.mods.fml.common.launcher.FMLTweaker
[20:39:09] [main/INFO] [LaunchWrapper]: Calling tweak class cpw.mods.fml.common.launcher.FMLTweaker
[20:41:46] [main/INFO] [GradleStart]: No arguments specified, assuming client.
[20:41:47] [main/INFO] [GradleStart]: Extra: []
[20:41:47] [main/INFO] [GradleStart]: Running with arguments: [--userProperties, {}, --assetsDir, /Users/kylemallon/.gradle/caches/minecraft/assets, --assetIndex, 1.7.10, --accessToken, FML, --version, 1.7.10, --tweakClass, cpw.mods.fml.common.launcher.FMLTweaker, --username, ForgeDevName]
[20:41:47] [main/INFO] [LaunchWrapper]: Loading tweak class name cpw.mods.fml.common.launcher.FMLTweaker
[20:41:47] [main/INFO] [LaunchWrapper]: Using primary tweak class name cpw.mods.fml.common.launcher.FMLTweaker
[20:41:47] [main/INFO] [LaunchWrapper]: Calling tweak class cpw.mods.fml.common.launcher.FMLTweaker
[20:46:16] [main/INFO] [GradleStart]: No arguments specified, assuming client.
[20:46:16] [main/INFO] [GradleStart]: Extra: []
[20:46:16] [main/INFO] [GradleStart]: Running with arguments: [--userProperties, {}, --assetsDir, /Users/kylemallon/.gradle/caches/minecraft/assets, --assetIndex, 1.7.10, --accessToken, FML, --version, 1.7.10, --tweakClass, cpw.mods.fml.common.launcher.FMLTweaker, --username, ForgeDevName]
[20:46:17] [main/INFO] [LaunchWrapper]: Loading tweak class name cpw.mods.fml.common.launcher.FMLTweaker
[20:46:17] [main/INFO] [LaunchWrapper]: Using primary tweak class name cpw.mods.fml.common.launcher.FMLTweaker
[20:46:17] [main/INFO] [LaunchWrapper]: Calling tweak class cpw.mods.fml.common.launcher.FMLTweaker
[20:48:02] [main/INFO] [GradleStart]: No arguments specified, assuming client.
[20:48:02] [main/INFO] [GradleStart]: Extra: []
[20:48:02] [main/INFO] [GradleStart]: Running with arguments: [--userProperties, {}, --assetsDir, /Users/kylemallon/.gradle/caches/minecraft/assets, --assetIndex, 1.7.10, --accessToken, FML, --version, 1.7.10, --tweakClass, cpw.mods.fml.common.launcher.FMLTweaker, --username, ForgeDevName]
[20:48:02] [main/INFO] [LaunchWrapper]: Loading tweak class name cpw.mods.fml.common.launcher.FMLTweaker
[20:48:02] [main/INFO] [LaunchWrapper]: Using primary tweak class name cpw.mods.fml.common.launcher.FMLTweaker
[20:48:02] [main/INFO] [LaunchWrapper]: Calling tweak class cpw.mods.fml.common.launcher.FMLTweaker
[20:57:02] [main/INFO] [GradleStart]: No arguments specified, assuming client.
[20:57:02] [main/INFO] [GradleStart]: Extra: []
[20:57:02] [main/INFO] [GradleStart]: Running with arguments: [--userProperties, {}, --assetsDir, /Users/kylemallon/.gradle/caches/minecraft/assets, --assetIndex, 1.7.10, --accessToken, FML, --version, 1.7.10, --tweakClass, cpw.mods.fml.common.launcher.FMLTweaker, --username, ForgeDevName]
[20:57:02] [main/INFO] [LaunchWrapper]: Loading tweak class name cpw.mods.fml.common.launcher.FMLTweaker
[20:57:02] [main/INFO] [LaunchWrapper]: Using primary tweak class name cpw.mods.fml.common.launcher.FMLTweaker
[20:57:02] [main/INFO] [LaunchWrapper]: Calling tweak class cpw.mods.fml.common.launcher.FMLTweaker
[21:01:17] [main/INFO] [GradleStart]: No arguments specified, assuming client.
[21:01:17] [main/INFO] [GradleStart]: Extra: []
[21:01:17] [main/INFO] [GradleStart]: Running with arguments: [--userProperties, {}, --assetsDir, /Users/kylemallon/.gradle/caches/minecraft/assets, --assetIndex, 1.7.10, --accessToken, FML, --version, 1.7.10, --tweakClass, cpw.mods.fml.common.launcher.FMLTweaker, --username, ForgeDevName]
[21:01:17] [main/INFO] [LaunchWrapper]: Loading tweak class name cpw.mods.fml.common.launcher.FMLTweaker
[21:01:17] [main/INFO] [LaunchWrapper]: Using primary tweak class name cpw.mods.fml.common.launcher.FMLTweaker
[21:01:17] [main/INFO] [LaunchWrapper]: Calling tweak class cpw.mods.fml.common.launcher.FMLTweaker
[21:10:03] [main/INFO] [GradleStart]: No arguments specified, assuming client.
[21:10:03] [main/INFO] [GradleStart]: Extra: []
[21:10:04] [main/INFO] [GradleStart]: Running with arguments: [--userProperties, {}, --assetsDir, /Users/kylemallon/.gradle/caches/minecraft/assets, --assetIndex, 1.7.10, --accessToken, FML, --version, 1.7.10, --tweakClass, cpw.mods.fml.common.launcher.FMLTweaker, --username, ForgeDevName]
[21:10:04] [main/INFO] [LaunchWrapper]: Loading tweak class name cpw.mods.fml.common.launcher.FMLTweaker
[21:10:04] [main/INFO] [LaunchWrapper]: Using primary tweak class name cpw.mods.fml.common.launcher.FMLTweaker
[21:10:04] [main/INFO] [LaunchWrapper]: Calling tweak class cpw.mods.fml.common.launcher.FMLTweaker
[21:52:05] [main/INFO] [GradleStart]: No arguments specified, assuming client.
[21:52:05] [main/INFO] [GradleStart]: Extra: []
[21:52:05] [main/INFO] [GradleStart]: Running with arguments: [--userProperties, {}, --assetsDir, /Users/kylemallon/.gradle/caches/minecraft/assets, --assetIndex, 1.7.10, --accessToken, FML, --version, 1.7.10, --tweakClass, cpw.mods.fml.common.launcher.FMLTweaker, --username, ForgeDevName]
[21:52:05] [main/INFO] [LaunchWrapper]: Loading tweak class name cpw.mods.fml.common.launcher.FMLTweaker
[21:52:05] [main/INFO] [LaunchWrapper]: Using primary tweak class name cpw.mods.fml.common.launcher.FMLTweaker
[21:52:05] [main/INFO] [LaunchWrapper]: Calling tweak class cpw.mods.fml.common.launcher.FMLTweaker
[22:10:53] [main/INFO] [GradleStart]: No arguments specified, assuming client.
[22:10:53] [main/INFO] [GradleStart]: Extra: []
[22:10:53] [main/INFO] [GradleStart]: Running with arguments: [--userProperties, {}, --assetsDir, /Users/kylemallon/.gradle/caches/minecraft/assets, --assetIndex, 1.7.10, --accessToken, FML, --version, 1.7.10, --tweakClass, cpw.mods.fml.common.launcher.FMLTweaker, --username, ForgeDevName]
[22:10:53] [main/INFO] [LaunchWrapper]: Loading tweak class name cpw.mods.fml.common.launcher.FMLTweaker
[22:10:53] [main/INFO] [LaunchWrapper]: Using primary tweak class name cpw.mods.fml.common.launcher.FMLTweaker
[22:10:53] [main/INFO] [LaunchWrapper]: Calling tweak class cpw.mods.fml.common.launcher.FMLTweaker
[22:28:11] [main/INFO] [GradleStart]: No arguments specified, assuming client.
[22:28:11] [main/INFO] [GradleStart]: Extra: []
[22:28:11] [main/INFO] [GradleStart]: Running with arguments: [--userProperties, {}, --assetsDir, /Users/kylemallon/.gradle/caches/minecraft/assets, --assetIndex, 1.7.10, --accessToken, FML, --version, 1.7.10, --tweakClass, cpw.mods.fml.common.launcher.FMLTweaker, --username, ForgeDevName]
[22:28:11] [main/INFO] [LaunchWrapper]: Loading tweak class name cpw.mods.fml.common.launcher.FMLTweaker
[22:28:11] [main/INFO] [LaunchWrapper]: Using primary tweak class name cpw.mods.fml.common.launcher.FMLTweaker
[22:28:11] [main/INFO] [LaunchWrapper]: Calling tweak class cpw.mods.fml.common.launcher.FMLTweaker
[22:28:48] [main/INFO] [GradleStart]: No arguments specified, assuming client.
[22:28:48] [main/INFO] [GradleStart]: Extra: []
[22:28:48] [main/INFO] [GradleStart]: Running with arguments: [--userProperties, {}, --assetsDir, /Users/kylemallon/.gradle/caches/minecraft/assets, --assetIndex, 1.7.10, --accessToken, FML, --version, 1.7.10, --tweakClass, cpw.mods.fml.common.launcher.FMLTweaker, --username, ForgeDevName]
[22:28:48] [main/INFO] [LaunchWrapper]: Loading tweak class name cpw.mods.fml.common.launcher.FMLTweaker
[22:28:48] [main/INFO] [LaunchWrapper]: Using primary tweak class name cpw.mods.fml.common.launcher.FMLTweaker
[22:28:48] [main/INFO] [LaunchWrapper]: Calling tweak class cpw.mods.fml.common.launcher.FMLTweaker
[22:47:01] [main/INFO] [GradleStart]: No arguments specified, assuming client.
[22:47:01] [main/INFO] [GradleStart]: Extra: []
[22:47:02] [main/INFO] [GradleStart]: Running with arguments: [--userProperties, {}, --assetsDir, /Users/kylemallon/.gradle/caches/minecraft/assets, --assetIndex, 1.7.10, --accessToken, FML, --version, 1.7.10, --tweakClass, cpw.mods.fml.common.launcher.FMLTweaker, --username, ForgeDevName]
[22:47:02] [main/INFO] [LaunchWrapper]: Loading tweak class name cpw.mods.fml.common.launcher.FMLTweaker
[22:47:02] [main/INFO] [LaunchWrapper]: Using primary tweak class name cpw.mods.fml.common.launcher.FMLTweaker
[22:47:02] [main/INFO] [LaunchWrapper]: Calling tweak class cpw.mods.fml.common.launcher.FMLTweaker
[22:50:08] [main/INFO] [GradleStart]: No arguments specified, assuming client.
[22:50:08] [main/INFO] [GradleStart]: Extra: []
[22:50:08] [main/INFO] [GradleStart]: Running with arguments: [--userProperties, {}, --assetsDir, /Users/kylemallon/.gradle/caches/minecraft/assets, --assetIndex, 1.7.10, --accessToken, FML, --version, 1.7.10, --tweakClass, cpw.mods.fml.common.launcher.FMLTweaker, --username, ForgeDevName]
[22:50:08] [main/INFO] [LaunchWrapper]: Loading tweak class name cpw.mods.fml.common.launcher.FMLTweaker
[22:50:08] [main/INFO] [LaunchWrapper]: Using primary tweak class name cpw.mods.fml.common.launcher.FMLTweaker
[22:50:08] [main/INFO] [LaunchWrapper]: Calling tweak class cpw.mods.fml.common.launcher.FMLTweaker
[22:58:49] [main/INFO] [GradleStart]: No arguments specified, assuming client.
[22:58:49] [main/INFO] [GradleStart]: Extra: []
[22:58:49] [main/INFO] [GradleStart]: Running with arguments: [--userProperties, {}, --assetsDir, /Users/kylemallon/.gradle/caches/minecraft/assets, --assetIndex, 1.7.10, --accessToken, FML, --version, 1.7.10, --tweakClass, cpw.mods.fml.common.launcher.FMLTweaker, --username, ForgeDevName]
[22:58:49] [main/INFO] [LaunchWrapper]: Loading tweak class name cpw.mods.fml.common.launcher.FMLTweaker
[22:58:49] [main/INFO] [LaunchWrapper]: Using primary tweak class name cpw.mods.fml.common.launcher.FMLTweaker
[22:58:49] [main/INFO] [LaunchWrapper]: Calling tweak class cpw.mods.fml.common.launcher.FMLTweaker
[22:59:59] [main/INFO] [GradleStart]: No arguments specified, assuming client.
[23:00:00] [main/INFO] [GradleStart]: Extra: []
[23:00:00] [main/INFO] [GradleStart]: Running with arguments: [--userProperties, {}, --assetsDir, /Users/kylemallon/.gradle/caches/minecraft/assets, --assetIndex, 1.7.10, --accessToken, FML, --version, 1.7.10, --tweakClass, cpw.mods.fml.common.launcher.FMLTweaker, --username, ForgeDevName]
[23:00:00] [main/INFO] [LaunchWrapper]: Loading tweak class name cpw.mods.fml.common.launcher.FMLTweaker
[23:00:00] [main/INFO] [LaunchWrapper]: Using primary tweak class name cpw.mods.fml.common.launcher.FMLTweaker
[23:00:00] [main/INFO] [LaunchWrapper]: Calling tweak class cpw.mods.fml.common.launcher.FMLTweaker
[23:01:08] [main/INFO] [GradleStart]: No arguments specified, assuming client.
[23:01:08] [main/INFO] [GradleStart]: Extra: []
[23:01:08] [main/INFO] [GradleStart]: Running with arguments: [--userProperties, {}, --assetsDir, /Users/kylemallon/.gradle/caches/minecraft/assets, --assetIndex, 1.7.10, --accessToken, FML, --version, 1.7.10, --tweakClass, cpw.mods.fml.common.launcher.FMLTweaker, --username, ForgeDevName]
[23:01:08] [main/INFO] [LaunchWrapper]: Loading tweak class name cpw.mods.fml.common.launcher.FMLTweaker
[23:01:08] [main/INFO] [LaunchWrapper]: Using primary tweak class name cpw.mods.fml.common.launcher.FMLTweaker
[23:01:08] [main/INFO] [LaunchWrapper]: Calling tweak class cpw.mods.fml.common.launcher.FMLTweaker
[23:01:15] [main/INFO] [GradleStart]: No arguments specified, assuming client.
[23:01:15] [main/INFO] [GradleStart]: Extra: []
[23:01:15] [main/INFO] [GradleStart]: Running with arguments: [--userProperties, {}, --assetsDir, /Users/kylemallon/.gradle/caches/minecraft/assets, --assetIndex, 1.7.10, --accessToken, FML, --version, 1.7.10, --tweakClass, cpw.mods.fml.common.launcher.FMLTweaker, --username, ForgeDevName]
[23:01:15] [main/INFO] [LaunchWrapper]: Loading tweak class name cpw.mods.fml.common.launcher.FMLTweaker
[23:01:15] [main/INFO] [LaunchWrapper]: Using primary tweak class name cpw.mods.fml.common.launcher.FMLTweaker
[23:01:15] [main/INFO] [LaunchWrapper]: Calling tweak class cpw.mods.fml.common.launcher.FMLTweaker
[23:03:58] [main/INFO] [GradleStart]: No arguments specified, assuming client.
[23:03:58] [main/INFO] [GradleStart]: Extra: []
[23:03:58] [main/INFO] [GradleStart]: Running with arguments: [--userProperties, {}, --assetsDir, /Users/kylemallon/.gradle/caches/minecraft/assets, --assetIndex, 1.7.10, --accessToken, FML, --version, 1.7.10, --tweakClass, cpw.mods.fml.common.launcher.FMLTweaker, --username, ForgeDevName]
[23:03:58] [main/INFO] [LaunchWrapper]: Loading tweak class name cpw.mods.fml.common.launcher.FMLTweaker
[23:03:58] [main/INFO] [LaunchWrapper]: Using primary tweak class name cpw.mods.fml.common.launcher.FMLTweaker
[23:03:58] [main/INFO] [LaunchWrapper]: Calling tweak class cpw.mods.fml.common.launcher.FMLTweaker
[23:05:04] [main/INFO] [GradleStart]: No arguments specified, assuming client.
[23:05:04] [main/INFO] [GradleStart]: Extra: []
[23:05:04] [main/INFO] [GradleStart]: Running with arguments: [--userProperties, {}, --assetsDir, /Users/kylemallon/.gradle/caches/minecraft/assets, --assetIndex, 1.7.10, --accessToken, FML, --version, 1.7.10, --tweakClass, cpw.mods.fml.common.launcher.FMLTweaker, --username, ForgeDevName]
[23:05:04] [main/INFO] [LaunchWrapper]: Loading tweak class name cpw.mods.fml.common.launcher.FMLTweaker
[23:05:04] [main/INFO] [LaunchWrapper]: Using primary tweak class name cpw.mods.fml.common.launcher.FMLTweaker
[23:05:04] [main/INFO] [LaunchWrapper]: Calling tweak class cpw.mods.fml.common.launcher.FMLTweaker
[23:06:05] [main/INFO] [GradleStart]: No arguments specified, assuming client.
[23:06:05] [main/INFO] [GradleStart]: Extra: []
[23:06:05] [main/INFO] [GradleStart]: Running with arguments: [--userProperties, {}, --assetsDir, /Users/kylemallon/.gradle/caches/minecraft/assets, --assetIndex, 1.7.10, --accessToken, FML, --version, 1.7.10, --tweakClass, cpw.mods.fml.common.launcher.FMLTweaker, --username, ForgeDevName]
[23:06:05] [main/INFO] [LaunchWrapper]: Loading tweak class name cpw.mods.fml.common.launcher.FMLTweaker
[23:06:05] [main/INFO] [LaunchWrapper]: Using primary tweak class name cpw.mods.fml.common.launcher.FMLTweaker
[23:06:05] [main/INFO] [LaunchWrapper]: Calling tweak class cpw.mods.fml.common.launcher.FMLTweaker
[23:07:00] [main/INFO] [GradleStart]: No arguments specified, assuming client.
[23:07:00] [main/INFO] [GradleStart]: Extra: []
[23:07:00] [main/INFO] [GradleStart]: Running with arguments: [--userProperties, {}, --assetsDir, /Users/kylemallon/.gradle/caches/minecraft/assets, --assetIndex, 1.7.10, --accessToken, FML, --version, 1.7.10, --tweakClass, cpw.mods.fml.common.launcher.FMLTweaker, --username, ForgeDevName]
[23:07:00] [main/INFO] [LaunchWrapper]: Loading tweak class name cpw.mods.fml.common.launcher.FMLTweaker
[23:07:00] [main/INFO] [LaunchWrapper]: Using primary tweak class name cpw.mods.fml.common.launcher.FMLTweaker
[23:07:00] [main/INFO] [LaunchWrapper]: Calling tweak class cpw.mods.fml.common.launcher.FMLTweaker
[23:09:52] [main/INFO] [GradleStart]: No arguments specified, assuming client.
[23:09:53] [main/INFO] [GradleStart]: Extra: []
[23:09:53] [main/INFO] [GradleStart]: Running with arguments: [--userProperties, {}, --assetsDir, /Users/kylemallon/.gradle/caches/minecraft/assets, --assetIndex, 1.7.10, --accessToken, FML, --version, 1.7.10, --tweakClass, cpw.mods.fml.common.launcher.FMLTweaker, --username, ForgeDevName]
[23:09:53] [main/INFO] [LaunchWrapper]: Loading tweak class name cpw.mods.fml.common.launcher.FMLTweaker
[23:09:53] [main/INFO] [LaunchWrapper]: Using primary tweak class name cpw.mods.fml.common.launcher.FMLTweaker
[23:09:53] [main/INFO] [LaunchWrapper]: Calling tweak class cpw.mods.fml.common.launcher.FMLTweaker
[14:43:26] [main/INFO] [GradleStart]: No arguments specified, assuming client.
[14:43:26] [main/INFO] [GradleStart]: Extra: []
[14:43:26] [main/INFO] [GradleStart]: Running with arguments: [--userProperties, {}, --assetsDir, /Users/kylemallon/.gradle/caches/minecraft/assets, --assetIndex, 1.7.10, --accessToken, FML, --version, 1.7.10, --tweakClass, cpw.mods.fml.common.launcher.FMLTweaker, --username, ForgeDevName]
[14:43:27] [main/INFO] [LaunchWrapper]: Loading tweak class name cpw.mods.fml.common.launcher.FMLTweaker
[14:43:27] [main/INFO] [LaunchWrapper]: Using primary tweak class name cpw.mods.fml.common.launcher.FMLTweaker
[14:43:27] [main/INFO] [LaunchWrapper]: Calling tweak class cpw.mods.fml.common.launcher.FMLTweaker
[14:45:06] [main/INFO] [GradleStart]: No arguments specified, assuming client.
[14:45:06] [main/INFO] [GradleStart]: Extra: []
[14:45:07] [main/INFO] [GradleStart]: Running with arguments: [--userProperties, {}, --assetsDir, /Users/kylemallon/.gradle/caches/minecraft/assets, --assetIndex, 1.7.10, --accessToken, FML, --version, 1.7.10, --tweakClass, cpw.mods.fml.common.launcher.FMLTweaker, --username, ForgeDevName]
[14:45:07] [main/INFO] [LaunchWrapper]: Loading tweak class name cpw.mods.fml.common.launcher.FMLTweaker
[14:45:07] [main/INFO] [LaunchWrapper]: Using primary tweak class name cpw.mods.fml.common.launcher.FMLTweaker
[14:45:07] [main/INFO] [LaunchWrapper]: Calling tweak class cpw.mods.fml.common.launcher.FMLTweaker
[14:45:23] [main/INFO] [GradleStart]: No arguments specified, assuming client.
[14:45:23] [main/INFO] [GradleStart]: Extra: []
[14:45:24] [main/INFO] [GradleStart]: Running with arguments: [--userProperties, {}, --assetsDir, /Users/kylemallon/.gradle/caches/minecraft/assets, --assetIndex, 1.7.10, --accessToken, FML, --version, 1.7.10, --tweakClass, cpw.mods.fml.common.launcher.FMLTweaker, --username, ForgeDevName]
[14:45:24] [main/INFO] [LaunchWrapper]: Loading tweak class name cpw.mods.fml.common.launcher.FMLTweaker
[14:45:24] [main/INFO] [LaunchWrapper]: Using primary tweak class name cpw.mods.fml.common.launcher.FMLTweaker
[14:45:24] [main/INFO] [LaunchWrapper]: Calling tweak class cpw.mods.fml.common.launcher.FMLTweaker
[14:47:43] [main/INFO] [GradleStart]: No arguments specified, assuming client.
[14:47:43] [main/INFO] [GradleStart]: Extra: []
[14:47:43] [main/INFO] [GradleStart]: Running with arguments: [--userProperties, {}, --assetsDir, /Users/kylemallon/.gradle/caches/minecraft/assets, --assetIndex, 1.7.10, --accessToken, FML, --version, 1.7.10, --tweakClass, cpw.mods.fml.common.launcher.FMLTweaker, --username, ForgeDevName]
[14:47:43] [main/INFO] [LaunchWrapper]: Loading tweak class name cpw.mods.fml.common.launcher.FMLTweaker
[14:47:43] [main/INFO] [LaunchWrapper]: Using primary tweak class name cpw.mods.fml.common.launcher.FMLTweaker
[14:47:43] [main/INFO] [LaunchWrapper]: Calling tweak class cpw.mods.fml.common.launcher.FMLTweaker
[14:50:55] [main/INFO] [GradleStart]: No arguments specified, assuming client.
[14:50:55] [main/INFO] [GradleStart]: Extra: []
[14:50:55] [main/INFO] [GradleStart]: Running with arguments: [--userProperties, {}, --assetsDir, /Users/kylemallon/.gradle/caches/minecraft/assets, --assetIndex, 1.7.10, --accessToken, FML, --version, 1.7.10, --tweakClass, cpw.mods.fml.common.launcher.FMLTweaker, --username, ForgeDevName]
[14:50:55] [main/INFO] [LaunchWrapper]: Loading tweak class name cpw.mods.fml.common.launcher.FMLTweaker
[14:50:55] [main/INFO] [LaunchWrapper]: Using primary tweak class name cpw.mods.fml.common.launcher.FMLTweaker
[14:50:55] [main/INFO] [LaunchWrapper]: Calling tweak class cpw.mods.fml.common.launcher.FMLTweaker
[14:56:26] [main/INFO] [GradleStart]: No arguments specified, assuming client.
[14:56:26] [main/INFO] [GradleStart]: Extra: []
[14:56:26] [main/INFO] [GradleStart]: Running with arguments: [--userProperties, {}, --assetsDir, /Users/kylemallon/.gradle/caches/minecraft/assets, --assetIndex, 1.7.10, --accessToken, FML, --version, 1.7.10, --tweakClass, cpw.mods.fml.common.launcher.FMLTweaker, --username, ForgeDevName]
[14:56:26] [main/INFO] [LaunchWrapper]: Loading tweak class name cpw.mods.fml.common.launcher.FMLTweaker
[14:56:26] [main/INFO] [LaunchWrapper]: Using primary tweak class name cpw.mods.fml.common.launcher.FMLTweaker
[14:56:26] [main/INFO] [LaunchWrapper]: Calling tweak class cpw.mods.fml.common.launcher.FMLTweaker
[14:57:42] [main/INFO] [GradleStart]: No arguments specified, assuming client.
[14:57:42] [main/INFO] [GradleStart]: Extra: []
[14:57:42] [main/INFO] [GradleStart]: Running with arguments: [--userProperties, {}, --assetsDir, /Users/kylemallon/.gradle/caches/minecraft/assets, --assetIndex, 1.7.10, --accessToken, FML, --version, 1.7.10, --tweakClass, cpw.mods.fml.common.launcher.FMLTweaker, --username, ForgeDevName]
[14:57:42] [main/INFO] [LaunchWrapper]: Loading tweak class name cpw.mods.fml.common.launcher.FMLTweaker
[14:57:42] [main/INFO] [LaunchWrapper]: Using primary tweak class name cpw.mods.fml.common.launcher.FMLTweaker
[14:57:42] [main/INFO] [LaunchWrapper]: Calling tweak class cpw.mods.fml.common.launcher.FMLTweaker
[14:58:52] [main/INFO] [GradleStart]: No arguments specified, assuming client.
[14:58:52] [main/INFO] [GradleStart]: Extra: []
[14:58:52] [main/INFO] [GradleStart]: Running with arguments: [--userProperties, {}, --assetsDir, /Users/kylemallon/.gradle/caches/minecraft/assets, --assetIndex, 1.7.10, --accessToken, FML, --version, 1.7.10, --tweakClass, cpw.mods.fml.common.launcher.FMLTweaker, --username, ForgeDevName]
[14:58:52] [main/INFO] [LaunchWrapper]: Loading tweak class name cpw.mods.fml.common.launcher.FMLTweaker
[14:58:52] [main/INFO] [LaunchWrapper]: Using primary tweak class name cpw.mods.fml.common.launcher.FMLTweaker
[14:58:52] [main/INFO] [LaunchWrapper]: Calling tweak class cpw.mods.fml.common.launcher.FMLTweaker
[14:59:49] [main/INFO] [GradleStart]: No arguments specified, assuming client.
[14:59:49] [main/INFO] [GradleStart]: Extra: []
[14:59:49] [main/INFO] [GradleStart]: Running with arguments: [--userProperties, {}, --assetsDir, /Users/kylemallon/.gradle/caches/minecraft/assets, --assetIndex, 1.7.10, --accessToken, FML, --version, 1.7.10, --tweakClass, cpw.mods.fml.common.launcher.FMLTweaker, --username, ForgeDevName]
[14:59:49] [main/INFO] [LaunchWrapper]: Loading tweak class name cpw.mods.fml.common.launcher.FMLTweaker
[14:59:50] [main/INFO] [LaunchWrapper]: Using primary tweak class name cpw.mods.fml.common.launcher.FMLTweaker
[14:59:50] [main/INFO] [LaunchWrapper]: Calling tweak class cpw.mods.fml.common.launcher.FMLTweaker
[15:57:50] [main/INFO] [GradleStart]: No arguments specified, assuming client.
[15:57:50] [main/INFO] [GradleStart]: Extra: []
[15:57:50] [main/INFO] [GradleStart]: Running with arguments: [--userProperties, {}, --assetsDir, /Users/kylemallon/.gradle/caches/minecraft/assets, --assetIndex, 1.7.10, --accessToken, FML, --version, 1.7.10, --tweakClass, cpw.mods.fml.common.launcher.FMLTweaker, --username, ForgeDevName]
[15:57:50] [main/INFO] [LaunchWrapper]: Loading tweak class name cpw.mods.fml.common.launcher.FMLTweaker
[15:57:50] [main/INFO] [LaunchWrapper]: Using primary tweak class name cpw.mods.fml.common.launcher.FMLTweaker
[15:57:50] [main/INFO] [LaunchWrapper]: Calling tweak class cpw.mods.fml.common.launcher.FMLTweaker
[16:00:54] [main/INFO] [GradleStart]: No arguments specified, assuming client.
[16:00:54] [main/INFO] [GradleStart]: Extra: []
[16:00:54] [main/INFO] [GradleStart]: Running with arguments: [--userProperties, {}, --assetsDir, /Users/kylemallon/.gradle/caches/minecraft/assets, --assetIndex, 1.7.10, --accessToken, FML, --version, 1.7.10, --tweakClass, cpw.mods.fml.common.launcher.FMLTweaker, --username, ForgeDevName]
[16:00:54] [main/INFO] [LaunchWrapper]: Loading tweak class name cpw.mods.fml.common.launcher.FMLTweaker
[16:00:54] [main/INFO] [LaunchWrapper]: Using primary tweak class name cpw.mods.fml.common.launcher.FMLTweaker
[16:00:54] [main/INFO] [LaunchWrapper]: Calling tweak class cpw.mods.fml.common.launcher.FMLTweaker
[17:09:25] [main/INFO] [GradleStart]: No arguments specified, assuming client.
[17:09:25] [main/INFO] [GradleStart]: Extra: []
[17:10:54] [main/INFO] [GradleStart]: No arguments specified, assuming client.
[17:10:54] [main/INFO] [GradleStart]: Extra: []
[17:11:16] [main/INFO] [GradleStart]: No arguments specified, assuming client.
[17:11:16] [main/INFO] [GradleStart]: Extra: []
[17:17:22] [main/INFO] [GradleStart]: No arguments specified, assuming client.
[17:17:22] [main/INFO] [GradleStart]: Extra: []
[17:17:22] [main/INFO] [GradleStart]: Running with arguments: [--userProperties, {}, --assetsDir, /Users/kylemallon/.gradle/caches/minecraft/assets, --assetIndex, 1.7.10, --accessToken, FML, --version, 1.7.10, --tweakClass, cpw.mods.fml.common.launcher.FMLTweaker, --username, ForgeDevName]
[17:17:22] [main/INFO] [LaunchWrapper]: Loading tweak class name cpw.mods.fml.common.launcher.FMLTweaker
[17:17:22] [main/INFO] [LaunchWrapper]: Using primary tweak class name cpw.mods.fml.common.launcher.FMLTweaker
[17:17:22] [main/INFO] [LaunchWrapper]: Calling tweak class cpw.mods.fml.common.launcher.FMLTweaker
[17:18:03] [main/INFO] [GradleStart]: No arguments specified, assuming client.
[17:18:03] [main/INFO] [GradleStart]: Extra: []
[17:18:03] [main/INFO] [GradleStart]: Running with arguments: [--userProperties, {}, --assetsDir, /Users/kylemallon/.gradle/caches/minecraft/assets, --assetIndex, 1.7.10, --accessToken, FML, --version, 1.7.10, --tweakClass, cpw.mods.fml.common.launcher.FMLTweaker, --username, ForgeDevName]
[17:18:03] [main/INFO] [LaunchWrapper]: Loading tweak class name cpw.mods.fml.common.launcher.FMLTweaker
[17:18:03] [main/INFO] [LaunchWrapper]: Using primary tweak class name cpw.mods.fml.common.launcher.FMLTweaker
[17:18:03] [main/INFO] [LaunchWrapper]: Calling tweak class cpw.mods.fml.common.launcher.FMLTweaker
[17:27:24] [main/INFO] [GradleStart]: No arguments specified, assuming client.
[17:27:24] [main/INFO] [GradleStart]: Extra: []
[17:27:24] [main/INFO] [GradleStart]: Running with arguments: [--userProperties, {}, --assetsDir, /Users/kylemallon/.gradle/caches/minecraft/assets, --assetIndex, 1.7.10, --accessToken, FML, --version, 1.7.10, --tweakClass, cpw.mods.fml.common.launcher.FMLTweaker, --username, ForgeDevName]
[17:27:24] [main/INFO] [LaunchWrapper]: Loading tweak class name cpw.mods.fml.common.launcher.FMLTweaker
[17:27:24] [main/INFO] [LaunchWrapper]: Using primary tweak class name cpw.mods.fml.common.launcher.FMLTweaker
[17:27:24] [main/INFO] [LaunchWrapper]: Calling tweak class cpw.mods.fml.common.launcher.FMLTweaker
[17:43:17] [main/INFO] [GradleStart]: No arguments specified, assuming client.
[17:43:17] [main/INFO] [GradleStart]: Extra: []
[17:43:17] [main/INFO] [GradleStart]: Running with arguments: [--userProperties, {}, --assetsDir, /Users/kylemallon/.gradle/caches/minecraft/assets, --assetIndex, 1.7.10, --accessToken, FML, --version, 1.7.10, --tweakClass, cpw.mods.fml.common.launcher.FMLTweaker, --username, ForgeDevName]
[17:43:17] [main/INFO] [LaunchWrapper]: Loading tweak class name cpw.mods.fml.common.launcher.FMLTweaker
[17:43:17] [main/INFO] [LaunchWrapper]: Using primary tweak class name cpw.mods.fml.common.launcher.FMLTweaker
[17:43:17] [main/INFO] [LaunchWrapper]: Calling tweak class cpw.mods.fml.common.launcher.FMLTweaker
[17:48:46] [main/INFO] [GradleStart]: No arguments specified, assuming client.
[17:48:46] [main/INFO] [GradleStart]: Extra: []
[17:48:46] [main/INFO] [GradleStart]: Running with arguments: [--userProperties, {}, --assetsDir, /Users/kylemallon/.gradle/caches/minecraft/assets, --assetIndex, 1.7.10, --accessToken, FML, --version, 1.7.10, --tweakClass, cpw.mods.fml.common.launcher.FMLTweaker, --username, ForgeDevName]
[17:48:46] [main/INFO] [LaunchWrapper]: Loading tweak class name cpw.mods.fml.common.launcher.FMLTweaker
[17:48:46] [main/INFO] [LaunchWrapper]: Using primary tweak class name cpw.mods.fml.common.launcher.FMLTweaker
[17:48:46] [main/INFO] [LaunchWrapper]: Calling tweak class cpw.mods.fml.common.launcher.FMLTweaker
[17:50:26] [main/INFO] [GradleStart]: No arguments specified, assuming client.
[17:50:26] [main/INFO] [GradleStart]: Extra: []
[17:50:26] [main/INFO] [GradleStart]: Running with arguments: [--userProperties, {}, --assetsDir, /Users/kylemallon/.gradle/caches/minecraft/assets, --assetIndex, 1.7.10, --accessToken, FML, --version, 1.7.10, --tweakClass, cpw.mods.fml.common.launcher.FMLTweaker, --username, ForgeDevName]
[17:50:26] [main/INFO] [LaunchWrapper]: Loading tweak class name cpw.mods.fml.common.launcher.FMLTweaker
[17:50:26] [main/INFO] [LaunchWrapper]: Using primary tweak class name cpw.mods.fml.common.launcher.FMLTweaker
[17:50:26] [main/INFO] [LaunchWrapper]: Calling tweak class cpw.mods.fml.common.launcher.FMLTweaker
[17:52:44] [main/INFO] [GradleStart]: No arguments specified, assuming client.
[17:52:44] [main/INFO] [GradleStart]: Extra: []
[17:52:45] [main/INFO] [GradleStart]: Running with arguments: [--userProperties, {}, --assetsDir, /Users/kylemallon/.gradle/caches/minecraft/assets, --assetIndex, 1.7.10, --accessToken, FML, --version, 1.7.10, --tweakClass, cpw.mods.fml.common.launcher.FMLTweaker, --username, ForgeDevName]
[17:52:45] [main/INFO] [LaunchWrapper]: Loading tweak class name cpw.mods.fml.common.launcher.FMLTweaker
[17:52:45] [main/INFO] [LaunchWrapper]: Using primary tweak class name cpw.mods.fml.common.launcher.FMLTweaker
[17:52:45] [main/INFO] [LaunchWrapper]: Calling tweak class cpw.mods.fml.common.launcher.FMLTweaker
[17:54:12] [main/INFO] [GradleStart]: No arguments specified, assuming client.
[17:54:13] [main/INFO] [GradleStart]: Extra: []
[17:54:13] [main/INFO] [GradleStart]: Running with arguments: [--userProperties, {}, --assetsDir, /Users/kylemallon/.gradle/caches/minecraft/assets, --assetIndex, 1.7.10, --accessToken, FML, --version, 1.7.10, --tweakClass, cpw.mods.fml.common.launcher.FMLTweaker, --username, ForgeDevName]
[17:54:13] [main/INFO] [LaunchWrapper]: Loading tweak class name cpw.mods.fml.common.launcher.FMLTweaker
[17:54:13] [main/INFO] [LaunchWrapper]: Using primary tweak class name cpw.mods.fml.common.launcher.FMLTweaker
[17:54:13] [main/INFO] [LaunchWrapper]: Calling tweak class cpw.mods.fml.common.launcher.FMLTweaker
[17:54:51] [main/INFO] [GradleStart]: No arguments specified, assuming client.
[17:54:51] [main/INFO] [GradleStart]: Extra: []
[17:54:51] [main/INFO] [GradleStart]: Running with arguments: [--userProperties, {}, --assetsDir, /Users/kylemallon/.gradle/caches/minecraft/assets, --assetIndex, 1.7.10, --accessToken, FML, --version, 1.7.10, --tweakClass, cpw.mods.fml.common.launcher.FMLTweaker, --username, ForgeDevName]
[17:54:51] [main/INFO] [LaunchWrapper]: Loading tweak class name cpw.mods.fml.common.launcher.FMLTweaker
[17:54:51] [main/INFO] [LaunchWrapper]: Using primary tweak class name cpw.mods.fml.common.launcher.FMLTweaker
[17:54:51] [main/INFO] [LaunchWrapper]: Calling tweak class cpw.mods.fml.common.launcher.FMLTweaker
[17:57:49] [main/INFO] [GradleStart]: No arguments specified, assuming client.
[17:57:49] [main/INFO] [GradleStart]: Extra: []
[17:57:49] [main/INFO] [GradleStart]: Running with arguments: [--userProperties, {}, --assetsDir, /Users/kylemallon/.gradle/caches/minecraft/assets, --assetIndex, 1.7.10, --accessToken, FML, --version, 1.7.10, --tweakClass, cpw.mods.fml.common.launcher.FMLTweaker, --username, ForgeDevName]
[17:57:49] [main/INFO] [LaunchWrapper]: Loading tweak class name cpw.mods.fml.common.launcher.FMLTweaker
[17:57:50] [main/INFO] [LaunchWrapper]: Using primary tweak class name cpw.mods.fml.common.launcher.FMLTweaker
[17:57:50] [main/INFO] [LaunchWrapper]: Calling tweak class cpw.mods.fml.common.launcher.FMLTweaker
[17:58:41] [main/INFO] [GradleStart]: No arguments specified, assuming client.
[17:58:41] [main/INFO] [GradleStart]: Extra: []
[17:58:42] [main/INFO] [GradleStart]: Running with arguments: [--userProperties, {}, --assetsDir, /Users/kylemallon/.gradle/caches/minecraft/assets, --assetIndex, 1.7.10, --accessToken, FML, --version, 1.7.10, --tweakClass, cpw.mods.fml.common.launcher.FMLTweaker, --username, ForgeDevName]
[17:58:42] [main/INFO] [LaunchWrapper]: Loading tweak class name cpw.mods.fml.common.launcher.FMLTweaker
[17:58:42] [main/INFO] [LaunchWrapper]: Using primary tweak class name cpw.mods.fml.common.launcher.FMLTweaker
[17:58:42] [main/INFO] [LaunchWrapper]: Calling tweak class cpw.mods.fml.common.launcher.FMLTweaker
[17:59:17] [main/INFO] [GradleStart]: No arguments specified, assuming client.
[17:59:17] [main/INFO] [GradleStart]: Extra: []
[17:59:17] [main/INFO] [GradleStart]: Running with arguments: [--userProperties, {}, --assetsDir, /Users/kylemallon/.gradle/caches/minecraft/assets, --assetIndex, 1.7.10, --accessToken, FML, --version, 1.7.10, --tweakClass, cpw.mods.fml.common.launcher.FMLTweaker, --username, ForgeDevName]
[17:59:17] [main/INFO] [LaunchWrapper]: Loading tweak class name cpw.mods.fml.common.launcher.FMLTweaker
[17:59:17] [main/INFO] [LaunchWrapper]: Using primary tweak class name cpw.mods.fml.common.launcher.FMLTweaker
[17:59:17] [main/INFO] [LaunchWrapper]: Calling tweak class cpw.mods.fml.common.launcher.FMLTweaker
[18:01:03] [main/INFO] [GradleStart]: No arguments specified, assuming client.
[18:01:03] [main/INFO] [GradleStart]: Extra: []
[18:01:03] [main/INFO] [GradleStart]: Running with arguments: [--userProperties, {}, --assetsDir, /Users/kylemallon/.gradle/caches/minecraft/assets, --assetIndex, 1.7.10, --accessToken, FML, --version, 1.7.10, --tweakClass, cpw.mods.fml.common.launcher.FMLTweaker, --username, ForgeDevName]
[18:01:03] [main/INFO] [LaunchWrapper]: Loading tweak class name cpw.mods.fml.common.launcher.FMLTweaker
[18:01:03] [main/INFO] [LaunchWrapper]: Using primary tweak class name cpw.mods.fml.common.launcher.FMLTweaker
[18:01:03] [main/INFO] [LaunchWrapper]: Calling tweak class cpw.mods.fml.common.launcher.FMLTweaker
[19:03:11] [main/INFO] [GradleStart]: No arguments specified, assuming client.
[19:03:11] [main/INFO] [GradleStart]: Extra: []
[19:03:11] [main/INFO] [GradleStart]: Running with arguments: [--userProperties, {}, --assetsDir, /Users/kylemallon/.gradle/caches/minecraft/assets, --assetIndex, 1.7.10, --accessToken, FML, --version, 1.7.10, --tweakClass, cpw.mods.fml.common.launcher.FMLTweaker, --username, ForgeDevName]
[19:03:11] [main/INFO] [LaunchWrapper]: Loading tweak class name cpw.mods.fml.common.launcher.FMLTweaker
[19:03:11] [main/INFO] [LaunchWrapper]: Using primary tweak class name cpw.mods.fml.common.launcher.FMLTweaker
[19:03:11] [main/INFO] [LaunchWrapper]: Calling tweak class cpw.mods.fml.common.launcher.FMLTweaker
[19:10:18] [main/INFO] [GradleStart]: No arguments specified, assuming client.
[19:10:18] [main/INFO] [GradleStart]: Extra: []
[19:10:18] [main/INFO] [GradleStart]: Running with arguments: [--userProperties, {}, --assetsDir, /Users/kylemallon/.gradle/caches/minecraft/assets, --assetIndex, 1.7.10, --accessToken, FML, --version, 1.7.10, --tweakClass, cpw.mods.fml.common.launcher.FMLTweaker, --username, ForgeDevName]
[19:10:18] [main/INFO] [LaunchWrapper]: Loading tweak class name cpw.mods.fml.common.launcher.FMLTweaker
[19:10:18] [main/INFO] [LaunchWrapper]: Using primary tweak class name cpw.mods.fml.common.launcher.FMLTweaker
[19:10:18] [main/INFO] [LaunchWrapper]: Calling tweak class cpw.mods.fml.common.launcher.FMLTweaker
[19:11:57] [main/INFO] [GradleStart]: No arguments specified, assuming client.
[19:11:57] [main/INFO] [GradleStart]: Extra: []
[19:11:57] [main/INFO] [GradleStart]: Running with arguments: [--userProperties, {}, --assetsDir, /Users/kylemallon/.gradle/caches/minecraft/assets, --assetIndex, 1.7.10, --accessToken, FML, --version, 1.7.10, --tweakClass, cpw.mods.fml.common.launcher.FMLTweaker, --username, ForgeDevName]
[19:11:57] [main/INFO] [LaunchWrapper]: Loading tweak class name cpw.mods.fml.common.launcher.FMLTweaker
[19:11:57] [main/INFO] [LaunchWrapper]: Using primary tweak class name cpw.mods.fml.common.launcher.FMLTweaker
[19:11:57] [main/INFO] [LaunchWrapper]: Calling tweak class cpw.mods.fml.common.launcher.FMLTweaker
[19:13:35] [main/INFO] [GradleStart]: No arguments specified, assuming client.
[19:13:35] [main/INFO] [GradleStart]: Extra: []
[19:13:35] [main/INFO] [GradleStart]: Running with arguments: [--userProperties, {}, --assetsDir, /Users/kylemallon/.gradle/caches/minecraft/assets, --assetIndex, 1.7.10, --accessToken, FML, --version, 1.7.10, --tweakClass, cpw.mods.fml.common.launcher.FMLTweaker, --username, ForgeDevName]
[19:13:35] [main/INFO] [LaunchWrapper]: Loading tweak class name cpw.mods.fml.common.launcher.FMLTweaker
[19:13:35] [main/INFO] [LaunchWrapper]: Using primary tweak class name cpw.mods.fml.common.launcher.FMLTweaker
[19:13:35] [main/INFO] [LaunchWrapper]: Calling tweak class cpw.mods.fml.common.launcher.FMLTweaker
[19:14:54] [main/INFO] [GradleStart]: No arguments specified, assuming client.
[19:14:54] [main/INFO] [GradleStart]: Extra: []
[19:14:54] [main/INFO] [GradleStart]: Running with arguments: [--userProperties, {}, --assetsDir, /Users/kylemallon/.gradle/caches/minecraft/assets, --assetIndex, 1.7.10, --accessToken, FML, --version, 1.7.10, --tweakClass, cpw.mods.fml.common.launcher.FMLTweaker, --username, ForgeDevName]
[19:14:54] [main/INFO] [LaunchWrapper]: Loading tweak class name cpw.mods.fml.common.launcher.FMLTweaker
[19:14:54] [main/INFO] [LaunchWrapper]: Using primary tweak class name cpw.mods.fml.common.launcher.FMLTweaker
[19:14:54] [main/INFO] [LaunchWrapper]: Calling tweak class cpw.mods.fml.common.launcher.FMLTweaker
[19:22:05] [main/INFO] [GradleStart]: No arguments specified, assuming client.
[19:22:05] [main/INFO] [GradleStart]: Extra: []
[19:22:05] [main/INFO] [GradleStart]: Running with arguments: [--userProperties, {}, --assetsDir, /Users/kylemallon/.gradle/caches/minecraft/assets, --assetIndex, 1.7.10, --accessToken, FML, --version, 1.7.10, --tweakClass, cpw.mods.fml.common.launcher.FMLTweaker, --username, ForgeDevName]
[19:22:05] [main/INFO] [LaunchWrapper]: Loading tweak class name cpw.mods.fml.common.launcher.FMLTweaker
[19:22:05] [main/INFO] [LaunchWrapper]: Using primary tweak class name cpw.mods.fml.common.launcher.FMLTweaker
[19:22:05] [main/INFO] [LaunchWrapper]: Calling tweak class cpw.mods.fml.common.launcher.FMLTweaker
[19:30:36] [main/INFO] [GradleStart]: No arguments specified, assuming client.
[19:30:36] [main/INFO] [GradleStart]: Extra: []
[19:30:36] [main/INFO] [GradleStart]: Running with arguments: [--userProperties, {}, --assetsDir, /Users/kylemallon/.gradle/caches/minecraft/assets, --assetIndex, 1.7.10, --accessToken, FML, --version, 1.7.10, --tweakClass, cpw.mods.fml.common.launcher.FMLTweaker, --username, ForgeDevName]
[19:30:36] [main/INFO] [LaunchWrapper]: Loading tweak class name cpw.mods.fml.common.launcher.FMLTweaker
[19:30:36] [main/INFO] [LaunchWrapper]: Using primary tweak class name cpw.mods.fml.common.launcher.FMLTweaker
[19:30:36] [main/INFO] [LaunchWrapper]: Calling tweak class cpw.mods.fml.common.launcher.FMLTweaker
[22:29:36] [main/INFO] [GradleStart]: No arguments specified, assuming client.
[22:29:36] [main/INFO] [GradleStart]: Extra: []
[22:29:36] [main/INFO] [GradleStart]: Running with arguments: [--userProperties, {}, --assetsDir, /Users/kylemallon/.gradle/caches/minecraft/assets, --assetIndex, 1.7.10, --accessToken, FML, --version, 1.7.10, --tweakClass, cpw.mods.fml.common.launcher.FMLTweaker, --username, ForgeDevName]
[22:29:36] [main/INFO] [LaunchWrapper]: Loading tweak class name cpw.mods.fml.common.launcher.FMLTweaker
[22:29:36] [main/INFO] [LaunchWrapper]: Using primary tweak class name cpw.mods.fml.common.launcher.FMLTweaker
[22:29:36] [main/INFO] [LaunchWrapper]: Calling tweak class cpw.mods.fml.common.launcher.FMLTweaker
[22:30:47] [main/INFO] [GradleStart]: No arguments specified, assuming client.
[22:30:47] [main/INFO] [GradleStart]: Extra: []
[22:30:47] [main/INFO] [GradleStart]: Running with arguments: [--userProperties, {}, --assetsDir, /Users/kylemallon/.gradle/caches/minecraft/assets, --assetIndex, 1.7.10, --accessToken, FML, --version, 1.7.10, --tweakClass, cpw.mods.fml.common.launcher.FMLTweaker, --username, ForgeDevName]
[22:30:48] [main/INFO] [LaunchWrapper]: Loading tweak class name cpw.mods.fml.common.launcher.FMLTweaker
[22:30:48] [main/INFO] [LaunchWrapper]: Using primary tweak class name cpw.mods.fml.common.launcher.FMLTweaker
[22:30:48] [main/INFO] [LaunchWrapper]: Calling tweak class cpw.mods.fml.common.launcher.FMLTweaker
