[14:59:54] [main/INFO]: Setting user: ForgeDevName
[14:59:55] [Client thread/INFO]: LWJGL Version: 2.9.1
[15:00:01] [Client thread/INFO]: Reloading ResourceManager: Default, FMLFileResourcePack:Forge Mod Loader, FMLFileResourcePack:Minecraft Forge, FMLFileResourcePack:First Mod
[15:00:02] [Sound Library Loader/INFO]: Sound engine started
[15:00:04] [Client thread/INFO]: Created: 512x256 textures/blocks-atlas
[15:00:04] [Client thread/ERROR]: Using missing texture, unable to load firstmod:textures/items/mapleLeaf.png
java.io.FileNotFoundException: firstmod:textures/items/mapleLeaf.png
	at net.minecraft.client.resources.FallbackResourceManager.getResource(FallbackResourceManager.java:65) ~[FallbackResourceManager.class:?]
	at net.minecraft.client.resources.SimpleReloadableResourceManager.getResource(SimpleReloadableResourceManager.java:67) ~[SimpleReloadableResourceManager.class:?]
	at net.minecraft.client.renderer.texture.TextureMap.loadTextureAtlas(TextureMap.java:126) [TextureMap.class:?]
	at net.minecraft.client.renderer.texture.TextureMap.loadTexture(TextureMap.java:91) [TextureMap.class:?]
	at net.minecraft.client.renderer.texture.TextureManager.loadTexture(TextureManager.java:89) [TextureManager.class:?]
	at net.minecraft.client.renderer.texture.TextureManager.loadTickableTexture(TextureManager.java:71) [TextureManager.class:?]
	at net.minecraft.client.renderer.texture.TextureManager.loadTextureMap(TextureManager.java:58) [TextureManager.class:?]
	at net.minecraft.client.Minecraft.startGame(Minecraft.java:593) [Minecraft.class:?]
	at net.minecraft.client.Minecraft.run(Minecraft.java:941) [Minecraft.class:?]
	at net.minecraft.client.main.Main.main(Main.java:164) [Main.class:?]
	at sun.reflect.NativeMethodAccessorImpl.invoke0(Native Method) ~[?:1.8.0_05]
	at sun.reflect.NativeMethodAccessorImpl.invoke(NativeMethodAccessorImpl.java:62) ~[?:1.8.0_05]
	at sun.reflect.DelegatingMethodAccessorImpl.invoke(DelegatingMethodAccessorImpl.java:43) ~[?:1.8.0_05]
	at java.lang.reflect.Method.invoke(Method.java:483) ~[?:1.8.0_05]
	at net.minecraft.launchwrapper.Launch.launch(Launch.java:134) [launchwrapper-1.9.jar:?]
	at net.minecraft.launchwrapper.Launch.main(Launch.java:28) [launchwrapper-1.9.jar:?]
	at sun.reflect.NativeMethodAccessorImpl.invoke0(Native Method) ~[?:1.8.0_05]
	at sun.reflect.NativeMethodAccessorImpl.invoke(NativeMethodAccessorImpl.java:62) ~[?:1.8.0_05]
	at sun.reflect.DelegatingMethodAccessorImpl.invoke(DelegatingMethodAccessorImpl.java:43) ~[?:1.8.0_05]
	at java.lang.reflect.Method.invoke(Method.java:483) ~[?:1.8.0_05]
	at GradleStart.bounce(GradleStart.java:95) [start/:?]
	at GradleStart.startClient(GradleStart.java:88) [start/:?]
	at GradleStart.main(GradleStart.java:56) [start/:?]
[15:00:04] [Client thread/INFO]: Created: 256x256 textures/items-atlas
[15:00:04] [Client thread/INFO]: Reloading ResourceManager: Default, FMLFileResourcePack:Forge Mod Loader, FMLFileResourcePack:Minecraft Forge, FMLFileResourcePack:First Mod
[15:00:05] [Client thread/INFO]: Created: 512x256 textures/blocks-atlas
[15:00:05] [Client thread/ERROR]: Using missing texture, unable to load firstmod:textures/items/mapleLeaf.png
java.io.FileNotFoundException: firstmod:textures/items/mapleLeaf.png
	at net.minecraft.client.resources.FallbackResourceManager.getResource(FallbackResourceManager.java:65) ~[FallbackResourceManager.class:?]
	at net.minecraft.client.resources.SimpleReloadableResourceManager.getResource(SimpleReloadableResourceManager.java:67) ~[SimpleReloadableResourceManager.class:?]
	at net.minecraft.client.renderer.texture.TextureMap.loadTextureAtlas(TextureMap.java:126) [TextureMap.class:?]
	at net.minecraft.client.renderer.texture.TextureMap.loadTexture(TextureMap.java:91) [TextureMap.class:?]
	at net.minecraft.client.renderer.texture.TextureManager.loadTexture(TextureManager.java:89) [TextureManager.class:?]
	at net.minecraft.client.renderer.texture.TextureManager.onResourceManagerReload(TextureManager.java:170) [TextureManager.class:?]
	at net.minecraft.client.resources.SimpleReloadableResourceManager.notifyReloadListeners(SimpleReloadableResourceManager.java:134) [SimpleReloadableResourceManager.class:?]
	at net.minecraft.client.resources.SimpleReloadableResourceManager.reloadResources(SimpleReloadableResourceManager.java:118) [SimpleReloadableResourceManager.class:?]
	at net.minecraft.client.Minecraft.refreshResources(Minecraft.java:653) [Minecraft.class:?]
	at cpw.mods.fml.client.FMLClientHandler.finishMinecraftLoading(FMLClientHandler.java:303) [FMLClientHandler.class:?]
	at net.minecraft.client.Minecraft.startGame(Minecraft.java:596) [Minecraft.class:?]
	at net.minecraft.client.Minecraft.run(Minecraft.java:941) [Minecraft.class:?]
	at net.minecraft.client.main.Main.main(Main.java:164) [Main.class:?]
	at sun.reflect.NativeMethodAccessorImpl.invoke0(Native Method) ~[?:1.8.0_05]
	at sun.reflect.NativeMethodAccessorImpl.invoke(NativeMethodAccessorImpl.java:62) ~[?:1.8.0_05]
	at sun.reflect.DelegatingMethodAccessorImpl.invoke(DelegatingMethodAccessorImpl.java:43) ~[?:1.8.0_05]
	at java.lang.reflect.Method.invoke(Method.java:483) ~[?:1.8.0_05]
	at net.minecraft.launchwrapper.Launch.launch(Launch.java:134) [launchwrapper-1.9.jar:?]
	at net.minecraft.launchwrapper.Launch.main(Launch.java:28) [launchwrapper-1.9.jar:?]
	at sun.reflect.NativeMethodAccessorImpl.invoke0(Native Method) ~[?:1.8.0_05]
	at sun.reflect.NativeMethodAccessorImpl.invoke(NativeMethodAccessorImpl.java:62) ~[?:1.8.0_05]
	at sun.reflect.DelegatingMethodAccessorImpl.invoke(DelegatingMethodAccessorImpl.java:43) ~[?:1.8.0_05]
	at java.lang.reflect.Method.invoke(Method.java:483) ~[?:1.8.0_05]
	at GradleStart.bounce(GradleStart.java:95) [start/:?]
	at GradleStart.startClient(GradleStart.java:88) [start/:?]
	at GradleStart.main(GradleStart.java:56) [start/:?]
[15:00:05] [Client thread/INFO]: Created: 256x256 textures/items-atlas
[15:00:05] [Sound Library Loader/INFO]: Sound engine started
[15:00:06] [Client thread/ERROR]: ########## GL ERROR ##########
[15:00:06] [Client thread/ERROR]: @ Post startup
[15:00:06] [Client thread/ERROR]: 1281: Invalid value
[15:00:13] [Server thread/INFO]: Starting integrated minecraft server version 1.7.10
[15:00:13] [Server thread/INFO]: Generating keypair
[15:00:14] [Server thread/INFO]: Preparing start region for level 0
[15:00:15] [Server thread/INFO]: Preparing spawn area: 60%
[15:00:16] [Server thread/INFO]: Changing view distance to 12, from 10
[15:00:16] [Server thread/INFO]: ForgeDevName[local:E:b7db79a6] logged in with entity id 117 at (-146.9626865433952, 64.0, 246.47275739988453)
[15:00:16] [Server thread/INFO]: ForgeDevName joined the game
[15:00:54] [Server thread/INFO]: Saving and pausing game...
[15:00:54] [Server thread/INFO]: Saving chunks for level 'New World'/Overworld
[15:00:54] [Server thread/INFO]: Saving chunks for level 'New World'/Nether
[15:00:54] [Server thread/INFO]: Saving chunks for level 'New World'/The End
[15:00:55] [Server thread/INFO]: Stopping server
[15:00:55] [Server thread/INFO]: Saving players
[15:00:55] [Server thread/INFO]: Saving worlds
[15:00:55] [Server thread/INFO]: Saving chunks for level 'New World'/Overworld
[15:00:55] [Server thread/INFO]: Saving chunks for level 'New World'/Nether
[15:00:55] [Server thread/INFO]: Saving chunks for level 'New World'/The End
[15:02:46] [Client thread/INFO]: Stopping!
